2018-04-10 11:20:47,740  INFO Version:21 - HV000001: Hibernate Validator 6.0.9.Final
2018-04-10 11:20:47,850  INFO XysmsApplication:50 - Starting XysmsApplication on lihl with PID 15844 (started by lihl in D:\Ê°åÈù¢\xysms)
2018-04-10 11:20:47,850  INFO XysmsApplication:659 - No active profile set, falling back to default profiles: default
2018-04-10 11:20:47,884  INFO AnnotationConfigApplicationContext:590 - Refreshing org.springframework.context.annotation.AnnotationConfigApplicationContext@4be29ed9: startup date [Tue Apr 10 11:20:47 CST 2018]; root of context hierarchy
2018-04-10 11:20:48,290  WARN AnnotationConfigApplicationContext:558 - Exception encountered during context initialization - cancelling refresh attempt: org.springframework.beans.factory.BeanDefinitionStoreException: Failed to parse configuration class [com.xy.it.xysms.XysmsApplication]; nested exception is java.lang.IllegalStateException: Failed to introspect annotated methods on class org.springframework.boot.web.servlet.support.SpringBootServletInitializer
2018-04-10 11:20:48,337 ERROR SpringApplication:842 - Application run failed
org.springframework.beans.factory.BeanDefinitionStoreException: Failed to parse configuration class [com.xy.it.xysms.XysmsApplication]; nested exception is java.lang.IllegalStateException: Failed to introspect annotated methods on class org.springframework.boot.web.servlet.support.SpringBootServletInitializer
	at org.springframework.context.annotation.ConfigurationClassParser.parse(ConfigurationClassParser.java:184)
	at org.springframework.context.annotation.ConfigurationClassPostProcessor.processConfigBeanDefinitions(ConfigurationClassPostProcessor.java:316)
	at org.springframework.context.annotation.ConfigurationClassPostProcessor.postProcessBeanDefinitionRegistry(ConfigurationClassPostProcessor.java:233)
	at org.springframework.context.support.PostProcessorRegistrationDelegate.invokeBeanDefinitionRegistryPostProcessors(PostProcessorRegistrationDelegate.java:273)
	at org.springframework.context.support.PostProcessorRegistrationDelegate.invokeBeanFactoryPostProcessors(PostProcessorRegistrationDelegate.java:93)
	at org.springframework.context.support.AbstractApplicationContext.invokeBeanFactoryPostProcessors(AbstractApplicationContext.java:694)
	at org.springframework.context.support.AbstractApplicationContext.refresh(AbstractApplicationContext.java:532)
	at org.springframework.boot.SpringApplication.refresh(SpringApplication.java:759)
	at org.springframework.boot.SpringApplication.refreshContext(SpringApplication.java:395)
	at org.springframework.boot.SpringApplication.run(SpringApplication.java:327)
	at org.springframework.boot.SpringApplication.run(SpringApplication.java:1255)
	at org.springframework.boot.SpringApplication.run(SpringApplication.java:1243)
	at com.xy.it.xysms.XysmsApplication.main(XysmsApplication.java:15)
Caused by: java.lang.IllegalStateException: Failed to introspect annotated methods on class org.springframework.boot.web.servlet.support.SpringBootServletInitializer
	at org.springframework.core.type.StandardAnnotationMetadata.getAnnotatedMethods(StandardAnnotationMetadata.java:169)
	at org.springframework.context.annotation.ConfigurationClassParser.retrieveBeanMethodMetadata(ConfigurationClassParser.java:390)
	at org.springframework.context.annotation.ConfigurationClassParser.doProcessConfigurationClass(ConfigurationClassParser.java:315)
	at org.springframework.context.annotation.ConfigurationClassParser.processConfigurationClass(ConfigurationClassParser.java:245)
	at org.springframework.context.annotation.ConfigurationClassParser.parse(ConfigurationClassParser.java:202)
	at org.springframework.context.annotation.ConfigurationClassParser.parse(ConfigurationClassParser.java:170)
	... 12 more
Caused by: java.lang.NoClassDefFoundError: javax/servlet/ServletContext
	at java.lang.Class.getDeclaredMethods0(Native Method)
	at java.lang.Class.privateGetDeclaredMethods(Class.java:2701)
	at java.lang.Class.getDeclaredMethods(Class.java:1975)
	at org.springframework.core.type.StandardAnnotationMetadata.getAnnotatedMethods(StandardAnnotationMetadata.java:158)
	... 17 more
Caused by: java.lang.ClassNotFoundException: javax.servlet.ServletContext
	at java.net.URLClassLoader.findClass(URLClassLoader.java:381)
	at java.lang.ClassLoader.loadClass(ClassLoader.java:424)
	at sun.misc.Launcher$AppClassLoader.loadClass(Launcher.java:335)
	at java.lang.ClassLoader.loadClass(ClassLoader.java:357)
	... 21 more
2018-04-10 11:21:22,850  INFO SpringBootTestContextBootstrapper:308 - Neither @ContextConfiguration nor @ContextHierarchy found for test class [com.xy.it.xysms.XysmsApplicationTests], using SpringBootContextLoader
2018-04-10 11:21:22,855  INFO AbstractContextLoader:264 - Could not detect default resource locations for test class [com.xy.it.xysms.XysmsApplicationTests]: no resource found for suffixes {-context.xml, Context.groovy}.
2018-04-10 11:21:22,856  INFO AnnotationConfigContextLoaderUtils:83 - Could not detect default configuration classes for test class [com.xy.it.xysms.XysmsApplicationTests]: XysmsApplicationTests does not declare any static, non-private, non-final, nested classes annotated with @Configuration.
2018-04-10 11:21:22,982  INFO SpringBootTestContextBootstrapper:244 - Found @SpringBootConfiguration com.xy.it.xysms.XysmsApplication for test class com.xy.it.xysms.XysmsApplicationTests
2018-04-10 11:21:23,091  INFO SpringBootTestContextBootstrapper:248 - Loaded default TestExecutionListener class names from location [META-INF/spring.factories]: [org.springframework.boot.test.mock.mockito.MockitoTestExecutionListener, org.springframework.boot.test.mock.mockito.ResetMocksTestExecutionListener, org.springframework.boot.test.autoconfigure.restdocs.RestDocsTestExecutionListener, org.springframework.boot.test.autoconfigure.web.client.MockRestServiceServerResetTestExecutionListener, org.springframework.boot.test.autoconfigure.web.servlet.MockMvcPrintOnlyOnFailureTestExecutionListener, org.springframework.boot.test.autoconfigure.web.servlet.WebDriverTestExecutionListener, org.springframework.test.context.web.ServletTestExecutionListener, org.springframework.test.context.support.DirtiesContextBeforeModesTestExecutionListener, org.springframework.test.context.support.DependencyInjectionTestExecutionListener, org.springframework.test.context.support.DirtiesContextTestExecutionListener, org.springframework.test.context.transaction.TransactionalTestExecutionListener, org.springframework.test.context.jdbc.SqlScriptsTestExecutionListener]
2018-04-10 11:21:23,103  INFO SpringBootTestContextBootstrapper:177 - Using TestExecutionListeners: [org.springframework.test.context.web.ServletTestExecutionListener@9597028, org.springframework.test.context.support.DirtiesContextBeforeModesTestExecutionListener@6069db50, org.springframework.boot.test.mock.mockito.MockitoTestExecutionListener@4efbca5a, org.springframework.boot.test.autoconfigure.SpringBootDependencyInjectionTestExecutionListener@1b7cc17c, org.springframework.test.context.support.DirtiesContextTestExecutionListener@59662a0b, org.springframework.boot.test.mock.mockito.ResetMocksTestExecutionListener@77fbd92c, org.springframework.boot.test.autoconfigure.restdocs.RestDocsTestExecutionListener@67c27493, org.springframework.boot.test.autoconfigure.web.client.MockRestServiceServerResetTestExecutionListener@1a482e36, org.springframework.boot.test.autoconfigure.web.servlet.MockMvcPrintOnlyOnFailureTestExecutionListener@72967906, org.springframework.boot.test.autoconfigure.web.servlet.WebDriverTestExecutionListener@5b8dfcc1]
2018-04-10 11:21:23,188  INFO Version:21 - HV000001: Hibernate Validator 6.0.9.Final
2018-04-10 11:21:23,381  INFO XysmsApplicationTests:50 - Starting XysmsApplicationTests on lihl with PID 2316 (started by lihl in D:\◊¿√Ê\xysms)
2018-04-10 11:21:23,382  INFO XysmsApplicationTests:659 - No active profile set, falling back to default profiles: default
2018-04-10 11:21:23,439  INFO GenericWebApplicationContext:590 - Refreshing org.springframework.web.context.support.GenericWebApplicationContext@1cbb87f3: startup date [Tue Apr 10 11:21:23 CST 2018]; root of context hierarchy
2018-04-10 11:21:24,905  INFO SimpleUrlHandlerMapping:373 - Mapped URL path [/**/favicon.ico] onto handler of type [class org.springframework.web.servlet.resource.ResourceHttpRequestHandler]
2018-04-10 11:21:25,283  INFO RequestMappingHandlerAdapter:574 - Looking for @ControllerAdvice: org.springframework.web.context.support.GenericWebApplicationContext@1cbb87f3: startup date [Tue Apr 10 11:21:23 CST 2018]; root of context hierarchy
2018-04-10 11:21:25,345  INFO RequestMappingHandlerMapping:547 - Mapped "{[/xysms/Verify]}" onto public java.lang.String com.xy.it.xysms.controller.XySmsController.xySmsVerifying(java.lang.String,java.lang.String,java.lang.String)
2018-04-10 11:21:25,346  INFO RequestMappingHandlerMapping:547 - Mapped "{[/xysms/send]}" onto public java.lang.String com.xy.it.xysms.controller.XySmsController.xySmsSend(java.lang.String)
2018-04-10 11:21:25,349  INFO RequestMappingHandlerMapping:547 - Mapped "{[/error]}" onto public org.springframework.http.ResponseEntity<java.util.Map<java.lang.String, java.lang.Object>> org.springframework.boot.autoconfigure.web.servlet.error.BasicErrorController.error(javax.servlet.http.HttpServletRequest)
2018-04-10 11:21:25,350  INFO RequestMappingHandlerMapping:547 - Mapped "{[/error],produces=[text/html]}" onto public org.springframework.web.servlet.ModelAndView org.springframework.boot.autoconfigure.web.servlet.error.BasicErrorController.errorHtml(javax.servlet.http.HttpServletRequest,javax.servlet.http.HttpServletResponse)
2018-04-10 11:21:25,371  INFO SimpleUrlHandlerMapping:373 - Mapped URL path [/webjars/**] onto handler of type [class org.springframework.web.servlet.resource.ResourceHttpRequestHandler]
2018-04-10 11:21:25,372  INFO SimpleUrlHandlerMapping:373 - Mapped URL path [/**] onto handler of type [class org.springframework.web.servlet.resource.ResourceHttpRequestHandler]
2018-04-10 11:21:25,690  INFO XysmsApplicationTests:59 - Started XysmsApplicationTests in 2.559 seconds (JVM running for 3.924)
2018-04-10 11:21:25,949  INFO GenericWebApplicationContext:993 - Closing org.springframework.web.context.support.GenericWebApplicationContext@1cbb87f3: startup date [Tue Apr 10 11:21:23 CST 2018]; root of context hierarchy
